2022-05-14 22:05:918 INFO  ManageDriver :30 - Launching Chrome Browser
2022-05-15 11:05:140 INFO  ManageDriver :30 - Launching Chrome Browser
2022-05-15 11:05:132 INFO  ManageDriver :30 - Launching Chrome Browser
2022-05-15 11:05:663 INFO  ManageDriver :30 - Launching Chrome Browser
2022-05-15 11:05:687 INFO  ManageDriver :30 - Launching Chrome Browser
2022-05-15 11:05:39 INFO  HomePage :49 - Click on Login Link[[ChromeDriver: chrome on WINDOWS (88cf29a18510aac3a9f47b9b312801be)] -> link text: Log in]
2022-05-15 11:05:821 INFO  ManageDriver :30 - Launching Chrome Browser
2022-05-15 11:05:311 INFO  ManageDriver :30 - Launching Chrome Browser
2022-05-15 11:05:456 INFO  ManageDriver :30 - Launching Chrome Browser
2022-05-15 11:05:929 INFO  HomePage :60 - Click on register link[[ChromeDriver: chrome on WINDOWS (77c9fc1e7aa0c11eeea5c8deeaf7a07b)] -> link text: Register]
2022-05-15 11:05:307 INFO  ManageDriver :30 - Launching Chrome Browser
2022-05-15 11:05:720 INFO  HomePage :60 - Click on register link[[ChromeDriver: chrome on WINDOWS (cb1d897891ed501052209d2b6faa94ec)] -> link text: Register]
2022-05-15 11:05:214 INFO  ManageDriver :30 - Launching Chrome Browser
2022-05-15 11:05:682 INFO  HomePage :60 - Click on register link[[ChromeDriver: chrome on WINDOWS (a58d6e43a6617d9174f22ed811bad36e)] -> link text: Register]
2022-05-15 11:05:169 INFO  ManageDriver :30 - Launching Chrome Browser
2022-05-15 11:05:563 INFO  HomePage :60 - Click on register link[[ChromeDriver: chrome on WINDOWS (716a34a1e443f01f5449ba6b04e40353)] -> link text: Register]
2022-05-15 11:05:868 INFO  ManageDriver :30 - Launching Chrome Browser
2022-05-15 11:05:163 INFO  HomePage :60 - Click on register link[[ChromeDriver: chrome on WINDOWS (91b3359186fc3df519d143ec7d8b4cc8)] -> link text: Register]
2022-05-15 11:05:111 INFO  ManageDriver :30 - Launching Chrome Browser
2022-05-15 11:05:84 INFO  HomePage :60 - Click on register link[[ChromeDriver: chrome on WINDOWS (b9398a74c8a5c69f241e14f855f03eb9)] -> link text: Register]
2022-05-15 11:05:117 INFO  RegisterPage :80 - Get register text[[ChromeDriver: chrome on WINDOWS (b9398a74c8a5c69f241e14f855f03eb9)] -> css selector: div[class='page-title'] h1]
2022-05-15 11:05:383 INFO  ManageDriver :30 - Launching Chrome Browser
2022-05-15 11:05:283 INFO  HomePage :60 - Click on register link[[ChromeDriver: chrome on WINDOWS (fcee39fb1681a75a2ded49db12075620)] -> link text: Register]
2022-05-15 11:05:322 INFO  RegisterPage :80 - Get register text[[ChromeDriver: chrome on WINDOWS (fcee39fb1681a75a2ded49db12075620)] -> css selector: div[class='page-title'] h1]
2022-05-16 11:05:163 INFO  ManageDriver :30 - Launching Chrome Browser
2022-05-16 11:05:67 INFO  ManageDriver :30 - Launching Chrome Browser
2022-05-16 11:05:49 INFO  ManageDriver :30 - Launching Chrome Browser
2022-05-16 11:05:841 INFO  ManageDriver :30 - Launching Chrome Browser
2022-05-16 11:05:731 INFO  ManageDriver :30 - Launching Chrome Browser
2022-05-16 11:05:158 INFO  ManageDriver :30 - Launching Chrome Browser
2022-05-16 11:05:19 INFO  ManageDriver :30 - Launching Chrome Browser
2022-05-16 11:05:680 INFO  HomePage :60 - Click on register link[[ChromeDriver: chrome on WINDOWS (cfa0f8c9318169f4e4f8380cde827b4a)] -> link text: Register]
2022-05-16 11:05:733 INFO  RegisterPage :127 - Click on register button[[ChromeDriver: chrome on WINDOWS (cfa0f8c9318169f4e4f8380cde827b4a)] -> css selector: #register-button]
2022-05-16 11:05:696 INFO  ManageDriver :30 - Launching Chrome Browser
2022-05-16 11:05:523 INFO  HomePage :60 - Click on register link[[ChromeDriver: chrome on WINDOWS (fc4ea7ecb4be6dc3b9c163f68643c3d2)] -> link text: Register]
2022-05-16 11:05:660 INFO  RegisterPage :95 - Enter First Name[[ChromeDriver: chrome on WINDOWS (fc4ea7ecb4be6dc3b9c163f68643c3d2)] -> id: FirstName]
2022-05-16 11:05:714 INFO  RegisterPage :100 - Enter last Name[[ChromeDriver: chrome on WINDOWS (fc4ea7ecb4be6dc3b9c163f68643c3d2)] -> id: LastName]
2022-05-16 11:05:377 INFO  ManageDriver :30 - Launching Chrome Browser
2022-05-16 11:05:68 INFO  HomePage :60 - Click on register link[[ChromeDriver: chrome on WINDOWS (58c1cc75b184818ba3544f81a545d27b)] -> link text: Register]
2022-05-16 11:05:222 INFO  RegisterPage :95 - Enter First Name[[ChromeDriver: chrome on WINDOWS (58c1cc75b184818ba3544f81a545d27b)] -> id: FirstName]
2022-05-16 11:05:274 INFO  RegisterPage :100 - Enter last Name[[ChromeDriver: chrome on WINDOWS (58c1cc75b184818ba3544f81a545d27b)] -> id: LastName]
2022-05-16 11:05:431 INFO  RegisterPage :107 - Select date of Birth[[ChromeDriver: chrome on WINDOWS (58c1cc75b184818ba3544f81a545d27b)] -> name: DateOfBirthDay][[ChromeDriver: chrome on WINDOWS (58c1cc75b184818ba3544f81a545d27b)] -> name: DateOfBirthMonth][[ChromeDriver: chrome on WINDOWS (58c1cc75b184818ba3544f81a545d27b)] -> name: DateOfBirthYear]
2022-05-16 11:05:483 INFO  RegisterPage :112 - Enter email[[ChromeDriver: chrome on WINDOWS (58c1cc75b184818ba3544f81a545d27b)] -> name: Email]
2022-05-16 11:05:535 INFO  RegisterPage :117 - Enter password[[ChromeDriver: chrome on WINDOWS (58c1cc75b184818ba3544f81a545d27b)] -> id: Password]
2022-05-16 11:05:584 INFO  RegisterPage :122 - Enter confirm password[[ChromeDriver: chrome on WINDOWS (58c1cc75b184818ba3544f81a545d27b)] -> id: ConfirmPassword]
2022-05-16 11:05:212 INFO  RegisterPage :127 - Click on register button[[ChromeDriver: chrome on WINDOWS (58c1cc75b184818ba3544f81a545d27b)] -> css selector: #register-button]
2022-05-16 11:05:239 INFO  RegisterPage :143 - Register completed text[[ChromeDriver: chrome on WINDOWS (58c1cc75b184818ba3544f81a545d27b)] -> css selector: .result]
2022-05-16 12:05:369 INFO  ManageDriver :30 - Launching Chrome Browser
2022-05-16 12:05:18 INFO  HomePage :49 - Click on Login Link[[ChromeDriver: chrome on WINDOWS (5d800898b87da83a5093954bb0d23d3a)] -> link text: Log in]
2022-05-16 12:05:80 INFO  LoginPage :49 - Enter email to email field[[ChromeDriver: chrome on WINDOWS (5d800898b87da83a5093954bb0d23d3a)] -> id: Email]
2022-05-16 12:05:131 INFO  LoginPage :55 - Enter password to password field[[ChromeDriver: chrome on WINDOWS (5d800898b87da83a5093954bb0d23d3a)] -> name: Password]
2022-05-16 12:05:494 INFO  LoginPage :61 - Click on login button[[ChromeDriver: chrome on WINDOWS (5d800898b87da83a5093954bb0d23d3a)] -> xpath: //button[contains(text(),'Log in')]]
2022-05-16 12:05:518 INFO  LoginPage :67 - Display error message[[ChromeDriver: chrome on WINDOWS (5d800898b87da83a5093954bb0d23d3a)] -> xpath: //div[@class='message-error validation-summary-errors']]
2022-05-16 12:05:142 INFO  ManageDriver :30 - Launching Chrome Browser
2022-05-16 12:05:79 INFO  HomePage :49 - Click on Login Link[[ChromeDriver: chrome on WINDOWS (eede98bda994c2e3f02d912792555277)] -> link text: Log in]
2022-05-16 12:05:150 INFO  LoginPage :49 - Enter email to email field[[ChromeDriver: chrome on WINDOWS (eede98bda994c2e3f02d912792555277)] -> id: Email]
2022-05-16 12:05:199 INFO  LoginPage :55 - Enter password to password field[[ChromeDriver: chrome on WINDOWS (eede98bda994c2e3f02d912792555277)] -> name: Password]
2022-05-16 12:05:565 INFO  LoginPage :61 - Click on login button[[ChromeDriver: chrome on WINDOWS (eede98bda994c2e3f02d912792555277)] -> xpath: //button[contains(text(),'Log in')]]
2022-05-16 12:05:591 INFO  LoginPage :67 - Display error message[[ChromeDriver: chrome on WINDOWS (eede98bda994c2e3f02d912792555277)] -> xpath: //div[@class='message-error validation-summary-errors']]
2022-05-16 12:05:205 INFO  ManageDriver :30 - Launching Chrome Browser
2022-05-16 12:05:897 INFO  HomePage :49 - Click on Login Link[[ChromeDriver: chrome on WINDOWS (b0c7b331cd849c7fe515d51d5bddebf3)] -> link text: Log in]
2022-05-16 12:05:960 INFO  LoginPage :49 - Enter email to email field[[ChromeDriver: chrome on WINDOWS (b0c7b331cd849c7fe515d51d5bddebf3)] -> id: Email]
2022-05-16 12:05:11 INFO  LoginPage :55 - Enter password to password field[[ChromeDriver: chrome on WINDOWS (b0c7b331cd849c7fe515d51d5bddebf3)] -> name: Password]
2022-05-16 12:05:388 INFO  LoginPage :61 - Click on login button[[ChromeDriver: chrome on WINDOWS (b0c7b331cd849c7fe515d51d5bddebf3)] -> xpath: //button[contains(text(),'Log in')]]
2022-05-16 12:05:415 INFO  LoginPage :67 - Display error message[[ChromeDriver: chrome on WINDOWS (b0c7b331cd849c7fe515d51d5bddebf3)] -> xpath: //div[@class='message-error validation-summary-errors']]
2022-05-16 13:05:320 INFO  ManageDriver :30 - Launching Chrome Browser
2022-05-16 13:05:485 INFO  HomePage :49 - Click on Login Link[[ChromeDriver: chrome on WINDOWS (840456bbce6ebc0289e375f8cc3b8cf7)] -> link text: Log in]
2022-05-16 13:05:544 INFO  LoginPage :49 - Enter email to email field[[ChromeDriver: chrome on WINDOWS (840456bbce6ebc0289e375f8cc3b8cf7)] -> id: Email]
2022-05-16 13:05:594 INFO  LoginPage :55 - Enter password to password field[[ChromeDriver: chrome on WINDOWS (840456bbce6ebc0289e375f8cc3b8cf7)] -> name: Password]
2022-05-16 13:05:739 INFO  ManageDriver :30 - Launching Chrome Browser
2022-05-16 13:05:386 INFO  HomePage :49 - Click on Login Link[[ChromeDriver: chrome on WINDOWS (8d5e41bb00414bb61a780cc23859e14e)] -> link text: Log in]
2022-05-16 13:05:439 INFO  LoginPage :49 - Enter email to email field[[ChromeDriver: chrome on WINDOWS (8d5e41bb00414bb61a780cc23859e14e)] -> id: Email]
2022-05-16 13:05:495 INFO  LoginPage :55 - Enter password to password field[[ChromeDriver: chrome on WINDOWS (8d5e41bb00414bb61a780cc23859e14e)] -> name: Password]
2022-05-16 13:05:783 INFO  ManageDriver :30 - Launching Chrome Browser
2022-05-16 13:05:428 INFO  HomePage :49 - Click on Login Link[[ChromeDriver: chrome on WINDOWS (a36fc59c89ae244f9304c7669f8df872)] -> link text: Log in]
2022-05-16 13:05:500 INFO  LoginPage :49 - Enter email to email field[[ChromeDriver: chrome on WINDOWS (a36fc59c89ae244f9304c7669f8df872)] -> id: Email]
2022-05-16 13:05:550 INFO  LoginPage :55 - Enter password to password field[[ChromeDriver: chrome on WINDOWS (a36fc59c89ae244f9304c7669f8df872)] -> name: Password]
2022-05-16 13:05:907 INFO  LoginPage :61 - Click on login button[[ChromeDriver: chrome on WINDOWS (a36fc59c89ae244f9304c7669f8df872)] -> xpath: //button[contains(text(),'Log in')]]
2022-05-16 13:05:701 INFO  HomePage :75 - Log out link is displayProxy element for: DefaultElementLocator 'By.xpath: //a[normalize-space()='Log out']'
2022-05-16 13:05:513 INFO  ManageDriver :30 - Launching Chrome Browser
2022-05-16 13:05:215 INFO  HomePage :60 - Click on register link[[ChromeDriver: chrome on WINDOWS (799b391782d1874cb13b0d44f95df9ff)] -> link text: Register]
2022-05-16 13:05:365 INFO  RegisterPage :95 - Enter First Name[[ChromeDriver: chrome on WINDOWS (799b391782d1874cb13b0d44f95df9ff)] -> id: FirstName]
2022-05-16 13:05:431 INFO  RegisterPage :100 - Enter last Name[[ChromeDriver: chrome on WINDOWS (799b391782d1874cb13b0d44f95df9ff)] -> id: LastName]
2022-05-16 13:05:617 INFO  RegisterPage :107 - Select date of Birth[[ChromeDriver: chrome on WINDOWS (799b391782d1874cb13b0d44f95df9ff)] -> name: DateOfBirthDay][[ChromeDriver: chrome on WINDOWS (799b391782d1874cb13b0d44f95df9ff)] -> name: DateOfBirthMonth][[ChromeDriver: chrome on WINDOWS (799b391782d1874cb13b0d44f95df9ff)] -> name: DateOfBirthYear]
2022-05-16 13:05:682 INFO  RegisterPage :112 - Enter email[[ChromeDriver: chrome on WINDOWS (799b391782d1874cb13b0d44f95df9ff)] -> name: Email]
2022-05-16 13:05:739 INFO  RegisterPage :117 - Enter password[[ChromeDriver: chrome on WINDOWS (799b391782d1874cb13b0d44f95df9ff)] -> id: Password]
2022-05-16 13:05:786 INFO  RegisterPage :122 - Enter confirm password[[ChromeDriver: chrome on WINDOWS (799b391782d1874cb13b0d44f95df9ff)] -> id: ConfirmPassword]
2022-05-16 13:05:524 INFO  RegisterPage :127 - Click on register button[[ChromeDriver: chrome on WINDOWS (799b391782d1874cb13b0d44f95df9ff)] -> css selector: #register-button]
2022-05-16 13:05:550 INFO  RegisterPage :143 - Register completed text[[ChromeDriver: chrome on WINDOWS (799b391782d1874cb13b0d44f95df9ff)] -> css selector: .result]
2022-05-16 13:05:673 INFO  ManageDriver :30 - Launching Chrome Browser
2022-05-16 13:05:597 INFO  HomePage :49 - Click on Login Link[[ChromeDriver: chrome on WINDOWS (7baf033d0bf50102ad1ff19eee3277f8)] -> link text: Log in]
2022-05-16 13:05:655 INFO  LoginPage :49 - Enter email to email field[[ChromeDriver: chrome on WINDOWS (7baf033d0bf50102ad1ff19eee3277f8)] -> id: Email]
2022-05-16 13:05:705 INFO  LoginPage :55 - Enter password to password field[[ChromeDriver: chrome on WINDOWS (7baf033d0bf50102ad1ff19eee3277f8)] -> name: Password]
2022-05-16 13:05:293 INFO  LoginPage :61 - Click on login button[[ChromeDriver: chrome on WINDOWS (7baf033d0bf50102ad1ff19eee3277f8)] -> xpath: //button[contains(text(),'Log in')]]
2022-05-16 13:05:310 INFO  HomePage :75 - Log out link is display[[ChromeDriver: chrome on WINDOWS (7baf033d0bf50102ad1ff19eee3277f8)] -> xpath: //a[normalize-space()='Log out']]
2022-05-16 13:05:563 INFO  ManageDriver :30 - Launching Chrome Browser
2022-05-16 13:05:242 INFO  HomePage :49 - Click on Login Link[[ChromeDriver: chrome on WINDOWS (aecc63c36b0468beedacfa9026dd962f)] -> link text: Log in]
2022-05-16 13:05:301 INFO  LoginPage :49 - Enter email to email field[[ChromeDriver: chrome on WINDOWS (aecc63c36b0468beedacfa9026dd962f)] -> id: Email]
2022-05-16 13:05:352 INFO  LoginPage :55 - Enter password to password field[[ChromeDriver: chrome on WINDOWS (aecc63c36b0468beedacfa9026dd962f)] -> name: Password]
2022-05-16 13:05:765 INFO  ManageDriver :30 - Launching Chrome Browser
2022-05-16 13:05:747 INFO  HomePage :49 - Click on Login Link[[ChromeDriver: chrome on WINDOWS (4371e1d5bd378141a7c252c8926ea79e)] -> link text: Log in]
2022-05-16 13:05:809 INFO  LoginPage :49 - Enter email to email field[[ChromeDriver: chrome on WINDOWS (4371e1d5bd378141a7c252c8926ea79e)] -> id: Email]
2022-05-16 13:05:859 INFO  LoginPage :55 - Enter password to password field[[ChromeDriver: chrome on WINDOWS (4371e1d5bd378141a7c252c8926ea79e)] -> name: Password]
2022-05-16 13:05:438 INFO  LoginPage :61 - Click on login button[[ChromeDriver: chrome on WINDOWS (4371e1d5bd378141a7c252c8926ea79e)] -> xpath: //button[contains(text(),'Log in')]]
2022-05-16 13:05:456 INFO  HomePage :75 - Log out link is display[[ChromeDriver: chrome on WINDOWS (4371e1d5bd378141a7c252c8926ea79e)] -> xpath: //a[normalize-space()='Log out']]
2022-05-16 13:05:782 INFO  ManageDriver :30 - Launching Chrome Browser
2022-05-16 13:05:452 INFO  HomePage :49 - Click on Login Link[[ChromeDriver: chrome on WINDOWS (563152178df642d8f7d5c5b2ef3653c1)] -> link text: Log in]
2022-05-16 13:05:513 INFO  LoginPage :49 - Enter email to email field[[ChromeDriver: chrome on WINDOWS (563152178df642d8f7d5c5b2ef3653c1)] -> id: Email]
2022-05-16 13:05:566 INFO  LoginPage :55 - Enter password to password field[[ChromeDriver: chrome on WINDOWS (563152178df642d8f7d5c5b2ef3653c1)] -> name: Password]
2022-05-16 13:05:693 INFO  ManageDriver :30 - Launching Chrome Browser
2022-05-16 13:05:407 INFO  HomePage :49 - Click on Login Link[[ChromeDriver: chrome on WINDOWS (b951354ccc54ca409bda57ee065f728e)] -> link text: Log in]
2022-05-16 13:05:467 INFO  LoginPage :49 - Enter email to email field[[ChromeDriver: chrome on WINDOWS (b951354ccc54ca409bda57ee065f728e)] -> id: Email]
2022-05-16 13:05:517 INFO  LoginPage :55 - Enter password to password field[[ChromeDriver: chrome on WINDOWS (b951354ccc54ca409bda57ee065f728e)] -> name: Password]
2022-05-16 13:05:96 INFO  LoginPage :61 - Click on login button[[ChromeDriver: chrome on WINDOWS (b951354ccc54ca409bda57ee065f728e)] -> xpath: //button[contains(text(),'Log in')]]
2022-05-16 13:05:653 INFO  HomePage :70 - Click on logout link[[ChromeDriver: chrome on WINDOWS (b951354ccc54ca409bda57ee065f728e)] -> xpath: //a[normalize-space()='Log out']]
2022-05-16 13:05:706 INFO  HomePage :75 - Log out link is displayProxy element for: DefaultElementLocator 'By.xpath: //a[normalize-space()='Log out']'
2022-05-16 13:05:04 INFO  ManageDriver :30 - Launching Chrome Browser
2022-05-16 13:05:853 INFO  HomePage :49 - Click on Login Link[[ChromeDriver: chrome on WINDOWS (5beed8e4b1c14683c7064895b4fabca8)] -> link text: Log in]
2022-05-16 13:05:924 INFO  LoginPage :49 - Enter email to email field[[ChromeDriver: chrome on WINDOWS (5beed8e4b1c14683c7064895b4fabca8)] -> id: Email]
2022-05-16 13:05:981 INFO  LoginPage :55 - Enter password to password field[[ChromeDriver: chrome on WINDOWS (5beed8e4b1c14683c7064895b4fabca8)] -> name: Password]
2022-05-16 13:05:601 INFO  LoginPage :61 - Click on login button[[ChromeDriver: chrome on WINDOWS (5beed8e4b1c14683c7064895b4fabca8)] -> xpath: //button[contains(text(),'Log in')]]
2022-05-16 13:05:179 INFO  HomePage :70 - Click on logout link[[ChromeDriver: chrome on WINDOWS (5beed8e4b1c14683c7064895b4fabca8)] -> xpath: //a[contains(text(),'Log out')]]
2022-05-16 13:05:722 INFO  HomePage :75 - Log out link is displayProxy element for: DefaultElementLocator 'By.xpath: //a[contains(text(),'Log out')]'
2022-05-16 13:05:209 INFO  ManageDriver :30 - Launching Chrome Browser
2022-05-16 13:05:84 INFO  HomePage :49 - Click on Login Link[[ChromeDriver: chrome on WINDOWS (c45d73c96715656baab0ed6cea4778ee)] -> link text: Log in]
2022-05-16 13:05:151 INFO  LoginPage :49 - Enter email to email field[[ChromeDriver: chrome on WINDOWS (c45d73c96715656baab0ed6cea4778ee)] -> id: Email]
2022-05-16 13:05:205 INFO  LoginPage :55 - Enter password to password field[[ChromeDriver: chrome on WINDOWS (c45d73c96715656baab0ed6cea4778ee)] -> name: Password]
2022-05-16 13:05:554 INFO  LoginPage :61 - Click on login button[[ChromeDriver: chrome on WINDOWS (c45d73c96715656baab0ed6cea4778ee)] -> xpath: //a[contains(text(),'Log in')]]
2022-05-16 13:05:60 INFO  ManageDriver :30 - Launching Chrome Browser
2022-05-16 13:05:347 INFO  HomePage :49 - Click on Login Link[[ChromeDriver: chrome on WINDOWS (15545c3b59ee64f4e873d4c3a570325d)] -> xpath: //a[contains(text(),'Log in')]]
2022-05-16 13:05:410 INFO  LoginPage :49 - Enter email to email field[[ChromeDriver: chrome on WINDOWS (15545c3b59ee64f4e873d4c3a570325d)] -> id: Email]
2022-05-16 13:05:463 INFO  LoginPage :55 - Enter password to password field[[ChromeDriver: chrome on WINDOWS (15545c3b59ee64f4e873d4c3a570325d)] -> name: Password]
2022-05-16 13:05:816 INFO  LoginPage :61 - Click on login button[[ChromeDriver: chrome on WINDOWS (15545c3b59ee64f4e873d4c3a570325d)] -> xpath: //a[contains(text(),'Log in')]]
2022-05-16 13:05:219 INFO  ManageDriver :30 - Launching Chrome Browser
2022-05-16 13:05:880 INFO  HomePage :49 - Click on Login Link[[ChromeDriver: chrome on WINDOWS (b6caaeadf40d56af96d047ed2ada336e)] -> xpath: //a[contains(text(),'Log in')]]
2022-05-16 13:05:936 INFO  LoginPage :49 - Enter email to email field[[ChromeDriver: chrome on WINDOWS (b6caaeadf40d56af96d047ed2ada336e)] -> id: Email]
2022-05-16 13:05:984 INFO  LoginPage :55 - Enter password to password field[[ChromeDriver: chrome on WINDOWS (b6caaeadf40d56af96d047ed2ada336e)] -> name: Password]
2022-05-16 13:05:338 INFO  LoginPage :61 - Click on login button[[ChromeDriver: chrome on WINDOWS (b6caaeadf40d56af96d047ed2ada336e)] -> xpath: //a[contains(text(),'Log in')]]
2022-05-16 18:05:925 INFO  ManageDriver :30 - Launching Chrome Browser
2022-05-16 18:05:667 INFO  ManageDriver :30 - Launching Chrome Browser
2022-05-16 18:05:788 INFO  ManageDriver :30 - Launching Chrome Browser
2022-05-16 18:05:478 INFO  ManageDriver :30 - Launching Chrome Browser
2022-05-16 18:05:566 INFO  ComputerPage :33 - Get page Title[[ChromeDriver: chrome on WINDOWS (2c8f0ed83f26eac9d7ef8a92d46316a9)] -> css selector: div[class='page-title'] h1]
2022-05-16 18:05:846 INFO  ManageDriver :30 - Launching Chrome Browser
2022-05-16 18:05:403 INFO  ManageDriver :30 - Launching Chrome Browser
2022-05-16 18:05:946 INFO  ComputerPage :33 - Get page Title[[ChromeDriver: chrome on WINDOWS (c03a445cf033a2f47024dc0d26340c82)] -> css selector: div[class='page-title'] h1]
2022-05-16 19:05:28 INFO  ManageDriver :30 - Launching Chrome Browser
2022-05-16 19:05:142 INFO  DesktopsPage :60 - Select product[[[ChromeDriver: chrome on WINDOWS (57833f7cc1dc268bb27f60584de2dc9a)] -> xpath: //div[@class='products-container']//h2/a], [[ChromeDriver: chrome on WINDOWS (57833f7cc1dc268bb27f60584de2dc9a)] -> xpath: //div[@class='products-container']//h2/a], [[ChromeDriver: chrome on WINDOWS (57833f7cc1dc268bb27f60584de2dc9a)] -> xpath: //div[@class='products-container']//h2/a]]
2022-05-16 19:05:911 INFO  ManageDriver :30 - Launching Chrome Browser
2022-05-16 19:05:373 INFO  DesktopsPage :60 - Select product[[[ChromeDriver: chrome on WINDOWS (538de95fc3c520bb87154a308a2ab8c6)] -> xpath: //div[@class='products-container']//h2/a], [[ChromeDriver: chrome on WINDOWS (538de95fc3c520bb87154a308a2ab8c6)] -> xpath: //div[@class='products-container']//h2/a], [[ChromeDriver: chrome on WINDOWS (538de95fc3c520bb87154a308a2ab8c6)] -> xpath: //div[@class='products-container']//h2/a]]
2022-05-16 19:05:702 INFO  ManageDriver :30 - Launching Chrome Browser
2022-05-16 19:05:99 INFO  DesktopsPage :60 - Select product[[[ChromeDriver: chrome on WINDOWS (d2d59377fb2201b8918b087c0d2761b4)] -> xpath: //div[@class='products-container']//h2/a], [[ChromeDriver: chrome on WINDOWS (d2d59377fb2201b8918b087c0d2761b4)] -> xpath: //div[@class='products-container']//h2/a], [[ChromeDriver: chrome on WINDOWS (d2d59377fb2201b8918b087c0d2761b4)] -> xpath: //div[@class='products-container']//h2/a]]
2022-05-16 20:05:102 INFO  ManageDriver :30 - Launching Chrome Browser
2022-05-16 20:05:594 INFO  DesktopsPage :60 - Select product[[[ChromeDriver: chrome on WINDOWS (76d4beee8041c2faa79f4f71ed603e16)] -> xpath: //div[@class='products-container']//h2/a], [[ChromeDriver: chrome on WINDOWS (76d4beee8041c2faa79f4f71ed603e16)] -> xpath: //div[@class='products-container']//h2/a], [[ChromeDriver: chrome on WINDOWS (76d4beee8041c2faa79f4f71ed603e16)] -> xpath: //div[@class='products-container']//h2/a]]
2022-05-16 20:05:920 INFO  BuildYourOwnComputerPage :71 - Select Ram[[ChromeDriver: chrome on WINDOWS (76d4beee8041c2faa79f4f71ed603e16)] -> id: product_attribute_2]
2022-05-16 20:05:970 INFO  BuildYourOwnComputerPage :79 - Select HDD[[[ChromeDriver: chrome on WINDOWS (76d4beee8041c2faa79f4f71ed603e16)] -> xpath: //dd[@id='product_attribute_input_3']//li/label], [[ChromeDriver: chrome on WINDOWS (76d4beee8041c2faa79f4f71ed603e16)] -> xpath: //dd[@id='product_attribute_input_3']//li/label]]
2022-05-16 20:05:32 INFO  BuildYourOwnComputerPage :89 - Select OS[[[ChromeDriver: chrome on WINDOWS (76d4beee8041c2faa79f4f71ed603e16)] -> xpath: //dd[@id='product_attribute_input_4']//li/label], [[ChromeDriver: chrome on WINDOWS (76d4beee8041c2faa79f4f71ed603e16)] -> xpath: //dd[@id='product_attribute_input_4']//li/label]]
2022-05-16 20:05:75 INFO  BuildYourOwnComputerPage :99 - Select Software[[[ChromeDriver: chrome on WINDOWS (76d4beee8041c2faa79f4f71ed603e16)] -> xpath: //dd[@id='product_attribute_input_5']//li/label], [[ChromeDriver: chrome on WINDOWS (76d4beee8041c2faa79f4f71ed603e16)] -> xpath: //dd[@id='product_attribute_input_5']//li/label], [[ChromeDriver: chrome on WINDOWS (76d4beee8041c2faa79f4f71ed603e16)] -> xpath: //dd[@id='product_attribute_input_5']//li/label]]
2022-05-16 20:05:119 INFO  BuildYourOwnComputerPage :107 - Click on add to cart button[[ChromeDriver: chrome on WINDOWS (76d4beee8041c2faa79f4f71ed603e16)] -> xpath: //button[@id='add-to-cart-button-1']]
2022-05-16 20:05:390 INFO  BuildYourOwnComputerPage :112 - Get product added message[[ChromeDriver: chrome on WINDOWS (76d4beee8041c2faa79f4f71ed603e16)] -> xpath: //p[@class='content']]
2022-05-16 20:05:127 INFO  ManageDriver :30 - Launching Chrome Browser
2022-05-16 20:05:624 INFO  DesktopsPage :60 - Select product[[[ChromeDriver: chrome on WINDOWS (7443f473e8d55bd08552233be0d1a111)] -> xpath: //div[@class='products-container']//h2/a], [[ChromeDriver: chrome on WINDOWS (7443f473e8d55bd08552233be0d1a111)] -> xpath: //div[@class='products-container']//h2/a], [[ChromeDriver: chrome on WINDOWS (7443f473e8d55bd08552233be0d1a111)] -> xpath: //div[@class='products-container']//h2/a]]
2022-05-16 20:05:464 INFO  BuildYourOwnComputerPage :71 - Select Ram[[ChromeDriver: chrome on WINDOWS (7443f473e8d55bd08552233be0d1a111)] -> id: product_attribute_2]
2022-05-16 20:05:535 INFO  BuildYourOwnComputerPage :79 - Select HDD[[[ChromeDriver: chrome on WINDOWS (7443f473e8d55bd08552233be0d1a111)] -> xpath: //dd[@id='product_attribute_input_3']//li/label], [[ChromeDriver: chrome on WINDOWS (7443f473e8d55bd08552233be0d1a111)] -> xpath: //dd[@id='product_attribute_input_3']//li/label]]
2022-05-16 20:05:603 INFO  BuildYourOwnComputerPage :89 - Select OS[[[ChromeDriver: chrome on WINDOWS (7443f473e8d55bd08552233be0d1a111)] -> xpath: //dd[@id='product_attribute_input_4']//li/label], [[ChromeDriver: chrome on WINDOWS (7443f473e8d55bd08552233be0d1a111)] -> xpath: //dd[@id='product_attribute_input_4']//li/label]]
2022-05-16 20:05:656 INFO  BuildYourOwnComputerPage :99 - Select Software[[[ChromeDriver: chrome on WINDOWS (7443f473e8d55bd08552233be0d1a111)] -> xpath: //dd[@id='product_attribute_input_5']//li/label], [[ChromeDriver: chrome on WINDOWS (7443f473e8d55bd08552233be0d1a111)] -> xpath: //dd[@id='product_attribute_input_5']//li/label], [[ChromeDriver: chrome on WINDOWS (7443f473e8d55bd08552233be0d1a111)] -> xpath: //dd[@id='product_attribute_input_5']//li/label]]
2022-05-16 20:05:699 INFO  BuildYourOwnComputerPage :107 - Click on add to cart button[[ChromeDriver: chrome on WINDOWS (7443f473e8d55bd08552233be0d1a111)] -> xpath: //button[@id='add-to-cart-button-1']]
2022-05-16 20:05:539 INFO  BuildYourOwnComputerPage :112 - Get product added message[[ChromeDriver: chrome on WINDOWS (7443f473e8d55bd08552233be0d1a111)] -> xpath: //p[@class='content']]
2022-05-16 20:05:227 INFO  ManageDriver :30 - Launching Chrome Browser
2022-05-16 20:05:715 INFO  DesktopsPage :60 - Select product[[[ChromeDriver: chrome on WINDOWS (17943edf4c77a3a7bed1073076a2597e)] -> xpath: //div[@class='products-container']//h2/a], [[ChromeDriver: chrome on WINDOWS (17943edf4c77a3a7bed1073076a2597e)] -> xpath: //div[@class='products-container']//h2/a], [[ChromeDriver: chrome on WINDOWS (17943edf4c77a3a7bed1073076a2597e)] -> xpath: //div[@class='products-container']//h2/a]]
2022-05-16 20:05:514 INFO  BuildYourOwnComputerPage :71 - Select Ram[[ChromeDriver: chrome on WINDOWS (17943edf4c77a3a7bed1073076a2597e)] -> id: product_attribute_2]
2022-05-16 20:05:568 INFO  BuildYourOwnComputerPage :79 - Select HDD[[[ChromeDriver: chrome on WINDOWS (17943edf4c77a3a7bed1073076a2597e)] -> xpath: //dd[@id='product_attribute_input_3']//li/label], [[ChromeDriver: chrome on WINDOWS (17943edf4c77a3a7bed1073076a2597e)] -> xpath: //dd[@id='product_attribute_input_3']//li/label]]
2022-05-16 20:05:618 INFO  BuildYourOwnComputerPage :89 - Select OS[[[ChromeDriver: chrome on WINDOWS (17943edf4c77a3a7bed1073076a2597e)] -> xpath: //dd[@id='product_attribute_input_4']//li/label], [[ChromeDriver: chrome on WINDOWS (17943edf4c77a3a7bed1073076a2597e)] -> xpath: //dd[@id='product_attribute_input_4']//li/label]]
2022-05-16 20:05:669 INFO  BuildYourOwnComputerPage :99 - Select Software[[[ChromeDriver: chrome on WINDOWS (17943edf4c77a3a7bed1073076a2597e)] -> xpath: //dd[@id='product_attribute_input_5']//li/label], [[ChromeDriver: chrome on WINDOWS (17943edf4c77a3a7bed1073076a2597e)] -> xpath: //dd[@id='product_attribute_input_5']//li/label], [[ChromeDriver: chrome on WINDOWS (17943edf4c77a3a7bed1073076a2597e)] -> xpath: //dd[@id='product_attribute_input_5']//li/label]]
2022-05-16 20:05:710 INFO  BuildYourOwnComputerPage :107 - Click on add to cart button[[ChromeDriver: chrome on WINDOWS (17943edf4c77a3a7bed1073076a2597e)] -> xpath: //button[@id='add-to-cart-button-1']]
2022-05-16 20:05:48 INFO  BuildYourOwnComputerPage :112 - Get product added message[[ChromeDriver: chrome on WINDOWS (17943edf4c77a3a7bed1073076a2597e)] -> xpath: //p[@class='content']]
2022-05-16 20:05:851 INFO  ManageDriver :30 - Launching Chrome Browser
2022-05-16 20:05:822 INFO  ComputerPage :33 - Get page Title[[ChromeDriver: chrome on WINDOWS (a3f5c9c39ead2140adbbd285e0631bd0)] -> css selector: div[class='page-title'] h1]
2022-05-16 20:05:535 INFO  ManageDriver :30 - Launching Chrome Browser
2022-05-16 20:05:304 INFO  ComputerPage :33 - Get page Title[[ChromeDriver: chrome on WINDOWS (71d29d6d846fc4a7eadc5092bc5fda5e)] -> css selector: div[class='page-title'] h1]
2022-05-16 20:05:983 INFO  ManageDriver :30 - Launching Chrome Browser
2022-05-16 20:05:500 INFO  DesktopsPage :60 - Select product[[[ChromeDriver: chrome on WINDOWS (76afe6f53b441e9da35ba690b02cab3a)] -> xpath: //div[@class='products-container']//h2/a], [[ChromeDriver: chrome on WINDOWS (76afe6f53b441e9da35ba690b02cab3a)] -> xpath: //div[@class='products-container']//h2/a], [[ChromeDriver: chrome on WINDOWS (76afe6f53b441e9da35ba690b02cab3a)] -> xpath: //div[@class='products-container']//h2/a]]
2022-05-16 20:05:293 INFO  BuildYourOwnComputerPage :71 - Select Ram[[ChromeDriver: chrome on WINDOWS (76afe6f53b441e9da35ba690b02cab3a)] -> id: product_attribute_2]
2022-05-16 20:05:353 INFO  BuildYourOwnComputerPage :79 - Select HDD[[[ChromeDriver: chrome on WINDOWS (76afe6f53b441e9da35ba690b02cab3a)] -> xpath: //dd[@id='product_attribute_input_3']//li/label], [[ChromeDriver: chrome on WINDOWS (76afe6f53b441e9da35ba690b02cab3a)] -> xpath: //dd[@id='product_attribute_input_3']//li/label]]
2022-05-16 20:05:404 INFO  BuildYourOwnComputerPage :89 - Select OS[[[ChromeDriver: chrome on WINDOWS (76afe6f53b441e9da35ba690b02cab3a)] -> xpath: //dd[@id='product_attribute_input_4']//li/label], [[ChromeDriver: chrome on WINDOWS (76afe6f53b441e9da35ba690b02cab3a)] -> xpath: //dd[@id='product_attribute_input_4']//li/label]]
2022-05-16 20:05:451 INFO  BuildYourOwnComputerPage :99 - Select Software[[[ChromeDriver: chrome on WINDOWS (76afe6f53b441e9da35ba690b02cab3a)] -> xpath: //dd[@id='product_attribute_input_5']//li/label], [[ChromeDriver: chrome on WINDOWS (76afe6f53b441e9da35ba690b02cab3a)] -> xpath: //dd[@id='product_attribute_input_5']//li/label], [[ChromeDriver: chrome on WINDOWS (76afe6f53b441e9da35ba690b02cab3a)] -> xpath: //dd[@id='product_attribute_input_5']//li/label]]
2022-05-16 20:05:489 INFO  BuildYourOwnComputerPage :107 - Click on add to cart button[[ChromeDriver: chrome on WINDOWS (76afe6f53b441e9da35ba690b02cab3a)] -> xpath: //button[@id='add-to-cart-button-1']]
2022-05-16 20:05:760 INFO  BuildYourOwnComputerPage :112 - Get product added message[[ChromeDriver: chrome on WINDOWS (76afe6f53b441e9da35ba690b02cab3a)] -> xpath: //p[@class='content']]
2022-05-16 20:05:444 INFO  ManageDriver :30 - Launching Chrome Browser
2022-05-16 20:05:854 INFO  DesktopsPage :60 - Select product[[[ChromeDriver: chrome on WINDOWS (d61209ebb5edebe04edd0e007c538d50)] -> xpath: //div[@class='products-container']//h2/a], [[ChromeDriver: chrome on WINDOWS (d61209ebb5edebe04edd0e007c538d50)] -> xpath: //div[@class='products-container']//h2/a], [[ChromeDriver: chrome on WINDOWS (d61209ebb5edebe04edd0e007c538d50)] -> xpath: //div[@class='products-container']//h2/a]]
2022-05-16 20:05:606 INFO  BuildYourOwnComputerPage :71 - Select Ram[[ChromeDriver: chrome on WINDOWS (d61209ebb5edebe04edd0e007c538d50)] -> id: product_attribute_2]
2022-05-16 20:05:672 INFO  BuildYourOwnComputerPage :79 - Select HDD[[[ChromeDriver: chrome on WINDOWS (d61209ebb5edebe04edd0e007c538d50)] -> xpath: //dd[@id='product_attribute_input_3']//li/label], [[ChromeDriver: chrome on WINDOWS (d61209ebb5edebe04edd0e007c538d50)] -> xpath: //dd[@id='product_attribute_input_3']//li/label]]
2022-05-16 20:05:737 INFO  BuildYourOwnComputerPage :89 - Select OS[[[ChromeDriver: chrome on WINDOWS (d61209ebb5edebe04edd0e007c538d50)] -> xpath: //dd[@id='product_attribute_input_4']//li/label], [[ChromeDriver: chrome on WINDOWS (d61209ebb5edebe04edd0e007c538d50)] -> xpath: //dd[@id='product_attribute_input_4']//li/label]]
2022-05-16 20:05:785 INFO  BuildYourOwnComputerPage :99 - Select Software[[[ChromeDriver: chrome on WINDOWS (d61209ebb5edebe04edd0e007c538d50)] -> xpath: //dd[@id='product_attribute_input_5']//li/label], [[ChromeDriver: chrome on WINDOWS (d61209ebb5edebe04edd0e007c538d50)] -> xpath: //dd[@id='product_attribute_input_5']//li/label], [[ChromeDriver: chrome on WINDOWS (d61209ebb5edebe04edd0e007c538d50)] -> xpath: //dd[@id='product_attribute_input_5']//li/label]]
2022-05-16 20:05:828 INFO  BuildYourOwnComputerPage :107 - Click on add to cart button[[ChromeDriver: chrome on WINDOWS (d61209ebb5edebe04edd0e007c538d50)] -> xpath: //button[@id='add-to-cart-button-1']]
2022-05-16 20:05:727 INFO  BuildYourOwnComputerPage :112 - Get product added message[[ChromeDriver: chrome on WINDOWS (d61209ebb5edebe04edd0e007c538d50)] -> xpath: //p[@class='content']]
2022-05-16 20:05:396 INFO  ManageDriver :30 - Launching Chrome Browser
2022-05-16 20:05:184 INFO  DesktopsPage :60 - Select product[[[ChromeDriver: chrome on WINDOWS (6bfbde3c6ea7983bf2c63e2721a5b87f)] -> xpath: //div[@class='products-container']//h2/a], [[ChromeDriver: chrome on WINDOWS (6bfbde3c6ea7983bf2c63e2721a5b87f)] -> xpath: //div[@class='products-container']//h2/a], [[ChromeDriver: chrome on WINDOWS (6bfbde3c6ea7983bf2c63e2721a5b87f)] -> xpath: //div[@class='products-container']//h2/a]]
2022-05-16 20:05:133 INFO  BuildYourOwnComputerPage :71 - Select Ram[[ChromeDriver: chrome on WINDOWS (6bfbde3c6ea7983bf2c63e2721a5b87f)] -> id: product_attribute_2]
2022-05-16 20:05:188 INFO  BuildYourOwnComputerPage :79 - Select HDD[[[ChromeDriver: chrome on WINDOWS (6bfbde3c6ea7983bf2c63e2721a5b87f)] -> xpath: //dd[@id='product_attribute_input_3']//li/label], [[ChromeDriver: chrome on WINDOWS (6bfbde3c6ea7983bf2c63e2721a5b87f)] -> xpath: //dd[@id='product_attribute_input_3']//li/label]]
2022-05-16 20:05:242 INFO  BuildYourOwnComputerPage :89 - Select OS[[[ChromeDriver: chrome on WINDOWS (6bfbde3c6ea7983bf2c63e2721a5b87f)] -> xpath: //dd[@id='product_attribute_input_4']//li/label], [[ChromeDriver: chrome on WINDOWS (6bfbde3c6ea7983bf2c63e2721a5b87f)] -> xpath: //dd[@id='product_attribute_input_4']//li/label]]
2022-05-16 20:05:300 INFO  BuildYourOwnComputerPage :99 - Select Software[[[ChromeDriver: chrome on WINDOWS (6bfbde3c6ea7983bf2c63e2721a5b87f)] -> xpath: //dd[@id='product_attribute_input_5']//li/label], [[ChromeDriver: chrome on WINDOWS (6bfbde3c6ea7983bf2c63e2721a5b87f)] -> xpath: //dd[@id='product_attribute_input_5']//li/label], [[ChromeDriver: chrome on WINDOWS (6bfbde3c6ea7983bf2c63e2721a5b87f)] -> xpath: //dd[@id='product_attribute_input_5']//li/label]]
2022-05-16 20:05:341 INFO  BuildYourOwnComputerPage :107 - Click on add to cart button[[ChromeDriver: chrome on WINDOWS (6bfbde3c6ea7983bf2c63e2721a5b87f)] -> xpath: //button[@id='add-to-cart-button-1']]
2022-05-16 20:05:624 INFO  BuildYourOwnComputerPage :112 - Get product added message[[ChromeDriver: chrome on WINDOWS (6bfbde3c6ea7983bf2c63e2721a5b87f)] -> xpath: //p[@class='content']]
2022-05-16 20:05:318 INFO  ManageDriver :30 - Launching Chrome Browser
2022-05-16 20:05:173 INFO  HomePage :49 - Click on Login Link[[ChromeDriver: chrome on WINDOWS (6839d12d552224cb646a004dcdf64a28)] -> xpath: //a[contains(text(),'Log in')]]
2022-05-16 20:05:188 INFO  LoginPage :42 - Welcome text[[ChromeDriver: chrome on WINDOWS (6839d12d552224cb646a004dcdf64a28)] -> xpath: //h1[contains(text(),'Welcome, Please Sign In!')]]
2022-05-16 20:05:16 INFO  ManageDriver :30 - Launching Chrome Browser
2022-05-16 20:05:203 INFO  HomePage :49 - Click on Login Link[[ChromeDriver: chrome on WINDOWS (4e9a8df2e0fbc629c974f18d4c10135c)] -> xpath: //a[contains(text(),'Log in')]]
2022-05-16 20:05:259 INFO  LoginPage :49 - Enter email to email field[[ChromeDriver: chrome on WINDOWS (4e9a8df2e0fbc629c974f18d4c10135c)] -> id: Email]
2022-05-16 20:05:312 INFO  LoginPage :55 - Enter password to password field[[ChromeDriver: chrome on WINDOWS (4e9a8df2e0fbc629c974f18d4c10135c)] -> name: Password]
2022-05-16 20:05:670 INFO  LoginPage :61 - Click on login button[[ChromeDriver: chrome on WINDOWS (4e9a8df2e0fbc629c974f18d4c10135c)] -> xpath: //a[contains(text(),'Log in')]]
2022-05-16 20:05:565 INFO  ManageDriver :30 - Launching Chrome Browser
2022-05-16 20:05:897 INFO  HomePage :49 - Click on Login Link[[ChromeDriver: chrome on WINDOWS (15d4f837b418fe97f12aff14a3a4da0f)] -> xpath: //a[contains(text(),'Log in')]]
2022-05-16 20:05:962 INFO  LoginPage :49 - Enter email to email field[[ChromeDriver: chrome on WINDOWS (15d4f837b418fe97f12aff14a3a4da0f)] -> id: Email]
2022-05-16 20:05:18 INFO  LoginPage :55 - Enter password to password field[[ChromeDriver: chrome on WINDOWS (15d4f837b418fe97f12aff14a3a4da0f)] -> name: Password]
2022-05-16 20:05:387 INFO  LoginPage :61 - Click on login button[[ChromeDriver: chrome on WINDOWS (15d4f837b418fe97f12aff14a3a4da0f)] -> xpath: //a[contains(text(),'Log in')]]
2022-05-16 20:05:408 INFO  HomePage :75 - Log out link is displayProxy element for: DefaultElementLocator 'By.xpath: //a[contains(text(),'Log out')]'
2022-05-16 20:05:218 INFO  ManageDriver :30 - Launching Chrome Browser
2022-05-16 20:05:143 INFO  HomePage :49 - Click on Login Link[[ChromeDriver: chrome on WINDOWS (3e25cb27ea8612e122af4ef53b3eb72e)] -> xpath: //a[contains(text(),'Log in')]]
2022-05-16 20:05:208 INFO  LoginPage :49 - Enter email to email field[[ChromeDriver: chrome on WINDOWS (3e25cb27ea8612e122af4ef53b3eb72e)] -> id: Email]
2022-05-16 20:05:261 INFO  LoginPage :55 - Enter password to password field[[ChromeDriver: chrome on WINDOWS (3e25cb27ea8612e122af4ef53b3eb72e)] -> name: Password]
2022-05-16 20:05:654 INFO  LoginPage :61 - Click on login button[[ChromeDriver: chrome on WINDOWS (3e25cb27ea8612e122af4ef53b3eb72e)] -> xpath: //a[contains(text(),'Log in')]]
2022-05-16 20:05:530 INFO  ManageDriver :30 - Launching Chrome Browser
2022-05-16 20:05:578 INFO  HomePage :60 - Click on register link[[ChromeDriver: chrome on WINDOWS (0fe807a07d395cac0f6563e62d688f8d)] -> link text: Register]
2022-05-16 20:05:612 INFO  RegisterPage :80 - Get register text[[ChromeDriver: chrome on WINDOWS (0fe807a07d395cac0f6563e62d688f8d)] -> css selector: div[class='page-title'] h1]
2022-05-16 20:05:313 INFO  ManageDriver :30 - Launching Chrome Browser
2022-05-16 20:05:239 INFO  HomePage :60 - Click on register link[[ChromeDriver: chrome on WINDOWS (6a6287ec2e30a97de5d5124e49bdc659)] -> link text: Register]
2022-05-16 20:05:292 INFO  RegisterPage :127 - Click on register button[[ChromeDriver: chrome on WINDOWS (6a6287ec2e30a97de5d5124e49bdc659)] -> css selector: #register-button]
2022-05-16 20:05:268 INFO  ManageDriver :30 - Launching Chrome Browser
2022-05-16 20:05:467 INFO  HomePage :60 - Click on register link[[ChromeDriver: chrome on WINDOWS (95b38aadec93d598af15a450458f9903)] -> link text: Register]
2022-05-16 20:05:588 INFO  RegisterPage :95 - Enter First Name[[ChromeDriver: chrome on WINDOWS (95b38aadec93d598af15a450458f9903)] -> id: FirstName]
2022-05-16 20:05:645 INFO  RegisterPage :100 - Enter last Name[[ChromeDriver: chrome on WINDOWS (95b38aadec93d598af15a450458f9903)] -> id: LastName]
2022-05-16 20:05:808 INFO  RegisterPage :107 - Select date of Birth[[ChromeDriver: chrome on WINDOWS (95b38aadec93d598af15a450458f9903)] -> name: DateOfBirthDay][[ChromeDriver: chrome on WINDOWS (95b38aadec93d598af15a450458f9903)] -> name: DateOfBirthMonth][[ChromeDriver: chrome on WINDOWS (95b38aadec93d598af15a450458f9903)] -> name: DateOfBirthYear]
2022-05-16 20:05:862 INFO  RegisterPage :112 - Enter email[[ChromeDriver: chrome on WINDOWS (95b38aadec93d598af15a450458f9903)] -> name: Email]
2022-05-16 20:05:918 INFO  RegisterPage :117 - Enter password[[ChromeDriver: chrome on WINDOWS (95b38aadec93d598af15a450458f9903)] -> id: Password]
2022-05-16 20:05:974 INFO  RegisterPage :122 - Enter confirm password[[ChromeDriver: chrome on WINDOWS (95b38aadec93d598af15a450458f9903)] -> id: ConfirmPassword]
2022-05-16 20:05:702 INFO  RegisterPage :127 - Click on register button[[ChromeDriver: chrome on WINDOWS (95b38aadec93d598af15a450458f9903)] -> css selector: #register-button]
2022-05-16 20:05:724 INFO  RegisterPage :143 - Register completed text[[ChromeDriver: chrome on WINDOWS (95b38aadec93d598af15a450458f9903)] -> css selector: .result]
